0 verbose cli /usr/bin/node /usr/bin/npm
1 info using npm@8.15.1
2 info using node@v16.15.1
3 timing npm:load:whichnode Completed in 0ms
4 timing config:load:defaults Completed in 2ms
5 timing config:load:file:/usr/share/nodejs/npm/npmrc Completed in 5ms
6 timing config:load:builtin Completed in 5ms
7 timing config:load:cli Completed in 2ms
8 timing config:load:env Completed in 1ms
9 timing config:load:file:/mnt/c/big_data/proyects/npm/MSMC/.npmrc Completed in 0ms
10 timing config:load:project Completed in 8ms
11 timing config:load:file:/home/elfrikiamv_k/.npmrc Completed in 1ms
12 timing config:load:user Completed in 1ms
13 timing config:load:file:/etc/npmrc Completed in 0ms
14 timing config:load:global Completed in 0ms
15 timing config:load:validate Completed in 1ms
16 timing config:load:credentials Completed in 1ms
17 timing config:load:setEnvs Completed in 0ms
18 timing config:load Completed in 22ms
19 timing npm:load:configload Completed in 23ms
20 timing npm:load:mkdirpcache Completed in 1ms
21 timing npm:load:mkdirplogs Completed in 0ms
22 verbose title npm i
23 verbose argv "i"
24 timing npm:load:setTitle Completed in 2ms
25 timing config:load:flatten Completed in 3ms
26 timing npm:load:display Completed in 4ms
27 verbose logfile logs-max:10 dir:/home/elfrikiamv_k/.npm/_logs
28 verbose logfile /home/elfrikiamv_k/.npm/_logs/2022-08-06T08_22_15_994Z-debug-0.log
29 timing npm:load:logFile Completed in 6ms
30 timing npm:load:timers Completed in 0ms
31 timing npm:load:configScope Completed in 0ms
32 timing npm:load Completed in 36ms
33 timing arborist:ctor Completed in 1ms
34 silly logfile start cleaning logs, removing 1 files
35 silly logfile done cleaning log files
36 timing idealTree:init Completed in 90ms
37 timing idealTree:userRequests Completed in 1ms
38 silly idealTree buildDeps
39 timing idealTree:#root Completed in 1ms
40 timing idealTree:buildDeps Completed in 1ms
41 timing idealTree:fixDepFlags Completed in 0ms
42 timing idealTree Completed in 95ms
43 timing arborist:ctor Completed in 0ms
44 timing reify:loadTrees Completed in 198ms
45 timing reify:diffTrees Completed in 29ms
46 silly reify moves {}
47 timing reify:retireShallow Completed in 1ms
48 timing reify:createSparse Completed in 0ms
49 timing reify:loadBundles Completed in 0ms
50 silly audit bulk request {
50 silly audit   '@jridgewell/gen-mapping': [ '0.3.2' ],
50 silly audit   '@jridgewell/resolve-uri': [ '3.1.0' ],
50 silly audit   '@jridgewell/set-array': [ '1.1.2' ],
50 silly audit   '@jridgewell/source-map': [ '0.3.2' ],
50 silly audit   '@jridgewell/sourcemap-codec': [ '1.4.14' ],
50 silly audit   '@jridgewell/trace-mapping': [ '0.3.14' ],
50 silly audit   '@types/eslint': [ '8.4.5' ],
50 silly audit   '@types/eslint-scope': [ '3.7.4' ],
50 silly audit   '@types/estree': [ '0.0.51' ],
50 silly audit   '@types/json-schema': [ '7.0.11' ],
50 silly audit   '@types/node': [ '17.0.45' ],
50 silly audit   '@types/node-fetch': [ '2.6.2' ],
50 silly audit   '@types/webpack': [ '5.28.0' ],
50 silly audit   '@webassemblyjs/ast': [ '1.11.1' ],
50 silly audit   '@webassemblyjs/floating-point-hex-parser': [ '1.11.1' ],
50 silly audit   '@webassemblyjs/helper-api-error': [ '1.11.1' ],
50 silly audit   '@webassemblyjs/helper-buffer': [ '1.11.1' ],
50 silly audit   '@webassemblyjs/helper-numbers': [ '1.11.1' ],
50 silly audit   '@webassemblyjs/helper-wasm-bytecode': [ '1.11.1' ],
50 silly audit   '@webassemblyjs/helper-wasm-section': [ '1.11.1' ],
50 silly audit   '@webassemblyjs/ieee754': [ '1.11.1' ],
50 silly audit   '@webassemblyjs/leb128': [ '1.11.1' ],
50 silly audit   '@webassemblyjs/utf8': [ '1.11.1' ],
50 silly audit   '@webassemblyjs/wasm-edit': [ '1.11.1' ],
50 silly audit   '@webassemblyjs/wasm-gen': [ '1.11.1' ],
50 silly audit   '@webassemblyjs/wasm-opt': [ '1.11.1' ],
50 silly audit   '@webassemblyjs/wasm-parser': [ '1.11.1' ],
50 silly audit   '@webassemblyjs/wast-printer': [ '1.11.1' ],
50 silly audit   '@xtuc/ieee754': [ '1.2.0' ],
50 silly audit   '@xtuc/long': [ '4.2.2' ],
50 silly audit   acorn: [ '8.8.0' ],
50 silly audit   'acorn-import-assertions': [ '1.8.0' ],
50 silly audit   ajv: [ '6.12.6' ],
50 silly audit   'ajv-keywords': [ '3.5.2' ],
50 silly audit   asynckit: [ '0.4.0' ],
50 silly audit   browserslist: [ '4.21.3' ],
50 silly audit   'buffer-from': [ '1.1.2' ],
50 silly audit   'caniuse-lite': [ '1.0.30001374' ],
50 silly audit   'chrome-trace-event': [ '1.0.3' ],
50 silly audit   'combined-stream': [ '1.0.8' ],
50 silly audit   commander: [ '2.20.3' ],
50 silly audit   'delayed-stream': [ '1.0.0' ],
50 silly audit   'electron-to-chromium': [ '1.4.211' ],
50 silly audit   'enhanced-resolve': [ '5.10.0' ],
50 silly audit   'es-module-lexer': [ '0.9.3' ],
50 silly audit   escalade: [ '3.1.1' ],
50 silly audit   'eslint-scope': [ '5.1.1' ],
50 silly audit   esrecurse: [ '4.3.0' ],
50 silly audit   estraverse: [ '5.3.0', '4.3.0' ],
50 silly audit   events: [ '3.3.0' ],
50 silly audit   'fast-deep-equal': [ '3.1.3' ],
50 silly audit   'fast-json-stable-stringify': [ '2.1.0' ],
50 silly audit   'form-data': [ '3.0.1' ],
50 silly audit   'glob-to-regexp': [ '0.4.1' ],
50 silly audit   'graceful-fs': [ '4.2.10' ],
50 silly audit   'has-flag': [ '4.0.0' ],
50 silly audit   'jest-worker': [ '27.5.1' ],
50 silly audit   'json-parse-even-better-errors': [ '2.3.1' ],
50 silly audit   'json-schema-traverse': [ '0.4.1' ],
50 silly audit   'loader-runner': [ '4.3.0' ],
50 silly audit   'merge-stream': [ '2.0.0' ],
50 silly audit   'mime-db': [ '1.52.0' ],
50 silly audit   'mime-types': [ '2.1.35' ],
50 silly audit   'neo-async': [ '2.6.2' ],
50 silly audit   'node-fetch': [ '2.6.7' ],
50 silly audit   'node-releases': [ '2.0.6' ],
50 silly audit   picocolors: [ '1.0.0' ],
50 silly audit   punycode: [ '2.1.1' ],
50 silly audit   randombytes: [ '2.1.0' ],
50 silly audit   'safe-buffer': [ '5.2.1' ],
50 silly audit   'schema-utils': [ '3.1.1' ],
50 silly audit   'serialize-javascript': [ '6.0.0' ],
50 silly audit   'source-map': [ '0.6.1' ],
50 silly audit   'source-map-support': [ '0.5.21' ],
50 silly audit   'supports-color': [ '8.1.1' ],
50 silly audit   tapable: [ '2.2.1' ],
50 silly audit   terser: [ '5.14.2' ],
50 silly audit   'terser-webpack-plugin': [ '5.3.3' ],
50 silly audit   tr46: [ '0.0.3' ],
50 silly audit   tslib: [ '2.4.0' ],
50 silly audit   typescript: [ '4.7.4' ],
50 silly audit   'update-browserslist-db': [ '1.0.5' ],
50 silly audit   'uri-js': [ '4.4.1' ],
50 silly audit   watchpack: [ '2.4.0' ],
50 silly audit   'webidl-conversions': [ '3.0.1' ],
50 silly audit   webpack: [ '5.74.0' ],
50 silly audit   'webpack-sources': [ '3.2.3' ],
50 silly audit   'whatwg-url': [ '5.0.0' ]
50 silly audit }
51 timing reify:unpack Completed in 4ms
52 timing reify:unretire Completed in 0ms
53 timing build:queue Completed in 0ms
54 timing build:deps Completed in 1ms
55 timing build Completed in 1ms
56 timing reify:build Completed in 1ms
57 timing reify:trash Completed in 0ms
58 timing reify:save Completed in 27ms
59 http fetch POST 200 https://registry.npmjs.org/-/npm/v1/security/advisories/bulk 325ms
60 timing auditReport:getReport Completed in 331ms
61 silly audit report {}
62 timing auditReport:init Completed in 0ms
63 timing reify:audit Completed in 331ms
64 timing reify Completed in 567ms
65 timing command:i Completed in 589ms
66 verbose exit 0
67 timing npm Completed in 677ms
68 info ok
